2024-07-26 14:46:16,362 - INFO - {'person': 1}
2024-07-26 14:52:24,140 - INFO - {}
2024-07-26 14:52:28,537 - INFO - {}
2024-07-26 14:52:29,192 - INFO - {}
2024-07-26 14:52:30,020 - INFO - {}
2024-07-26 14:52:30,882 - INFO - {}
2024-07-26 14:52:31,548 - INFO - {'person': 1}
2024-07-26 14:52:32,157 - INFO - {'person': 1}
2024-07-26 14:52:32,775 - INFO - {'person': 1}
2024-07-26 14:52:33,389 - INFO - {'person': 1}
2024-07-26 14:52:34,005 - INFO - {'person': 1}
2024-07-26 14:52:34,620 - INFO - {'person': 1}
2024-07-26 14:52:35,238 - INFO - {'person': 1}
2024-07-26 14:52:35,865 - INFO - {'person': 1}
2024-07-26 14:52:36,475 - INFO - {'person': 1}
2024-07-26 14:52:37,094 - INFO - {'dog': 1}
2024-07-26 14:52:37,709 - INFO - {'person': 1}
2024-07-26 14:52:38,355 - INFO - {'person': 1}
2024-07-26 14:52:38,969 - INFO - {'person': 1}
2024-07-26 14:52:39,584 - INFO - {'person': 1}
2024-07-26 14:52:40,251 - INFO - {'person': 1}
2024-07-26 14:52:40,944 - INFO - {'person': 1}
2024-07-26 14:52:41,979 - INFO - {'person': 1}
2024-07-26 14:52:42,599 - INFO - {'person': 1}
2024-07-26 14:52:43,227 - INFO - {'person': 1}
2024-07-26 14:52:43,855 - INFO - {'dog': 1}
2024-07-26 14:52:44,474 - INFO - {'person': 1}
2024-07-26 14:52:45,096 - INFO - {'person': 1}
2024-07-26 14:52:45,717 - INFO - {}
2024-07-26 14:52:46,335 - INFO - {'dog': 1}
2024-07-26 14:52:46,954 - INFO - {'dog': 1}
2024-07-26 14:52:47,576 - INFO - {'dog': 1}
2024-07-26 14:52:48,211 - INFO - {'dog': 1}
2024-07-26 14:52:48,834 - INFO - {'dog': 1}
2024-07-26 14:52:49,455 - INFO - {'person': 1}
2024-07-26 14:52:50,119 - INFO - {'person': 1}
2024-07-26 14:52:50,739 - INFO - {'dog': 1, 'toothbrush': 1}
2024-07-26 14:52:51,362 - INFO - {'person': 1}
2024-07-26 14:52:51,983 - INFO - {'dog': 1}
2024-07-26 14:52:52,602 - INFO - {'person': 1}
2024-07-26 14:52:53,223 - INFO - {'person': 1}
2024-07-26 14:52:53,848 - INFO - {'person': 1}
2024-07-26 14:52:54,467 - INFO - {'person': 1}
2024-07-26 14:52:55,091 - INFO - {'dog': 1}
2024-07-26 14:52:55,713 - INFO - {'person': 1}
2024-07-26 14:52:56,331 - INFO - {'person': 1}
2024-07-26 14:52:56,954 - INFO - {'person': 1}
2024-07-26 14:52:57,584 - INFO - {'person': 1}
2024-07-26 14:52:58,203 - INFO - {'person': 1}
2024-07-26 14:53:57,573 - INFO - {'person': 1}
2024-07-26 14:53:58,875 - INFO - {'dog': 1}
2024-07-26 14:53:59,735 - INFO - {'dog': 1}
2024-07-26 14:54:00,473 - INFO - {'person': 1}
2024-07-26 14:54:01,117 - INFO - {'person': 1}
2024-07-26 14:54:01,787 - INFO - {'person': 1}
2024-07-26 14:54:02,692 - INFO - {'person': 1}
2024-07-26 14:54:03,391 - INFO - {'person': 1}
2024-07-26 14:54:04,076 - INFO - {'person': 1}
2024-07-26 14:54:04,753 - INFO - {'person': 1}
2024-07-26 14:54:05,539 - INFO - {'person': 1}
2024-07-26 14:54:06,198 - INFO - {'person': 1}
2024-07-26 14:54:06,920 - INFO - {'person': 1}
2024-07-26 14:54:07,578 - INFO - {'person': 1}
2024-07-26 14:54:08,278 - INFO - {'person': 1}
2024-07-26 14:54:08,925 - INFO - {'person': 1}
2024-07-26 14:54:09,574 - INFO - {'person': 1}
2024-07-26 14:54:10,249 - INFO - {'person': 1}
2024-07-26 14:54:10,922 - INFO - {'person': 1}
2024-07-26 14:54:11,554 - INFO - {'person': 1}
2024-07-26 14:54:12,202 - INFO - {'person': 1}
2024-07-26 14:54:12,866 - INFO - {'person': 1}
2024-07-26 14:54:13,521 - INFO - {'person': 1}
2024-07-26 14:54:14,190 - INFO - {'person': 1}
2024-07-26 14:54:14,865 - INFO - {'person': 1}
2024-07-26 14:54:15,550 - INFO - {'person': 1}
2024-07-26 14:54:16,389 - INFO - {'person': 1}
2024-07-26 14:54:17,218 - INFO - {'person': 1}
2024-07-26 14:54:17,967 - INFO - {'person': 1}
2024-07-26 14:54:18,807 - INFO - {'person': 1}
2024-07-26 14:54:19,923 - INFO - {'person': 1}
2024-07-26 14:54:20,713 - INFO - {'person': 1}
2024-07-26 14:54:21,700 - INFO - {'person': 1}
2024-07-26 14:54:22,694 - INFO - {'person': 1}
2024-07-26 14:54:23,497 - INFO - {'person': 1}
2024-07-26 14:54:24,220 - INFO - {'dog': 1}
2024-07-26 14:54:24,988 - INFO - {'person': 1}
2024-07-26 14:54:25,716 - INFO - {'person': 1}
2024-07-26 14:54:26,475 - INFO - {'person': 1}
2024-07-26 14:54:27,198 - INFO - {}
2024-07-26 14:54:27,953 - INFO - {'dog': 1}
2024-07-26 14:54:28,683 - INFO - {'person': 1}
2024-07-26 14:54:29,442 - INFO - {'person': 1}
2024-07-26 14:54:30,207 - INFO - {'person': 1}
2024-07-26 14:54:30,964 - INFO - {}
2024-07-26 14:54:31,691 - INFO - {'person': 1}
2024-07-26 14:54:32,629 - INFO - {'person': 1}
2024-07-26 14:54:33,584 - INFO - {'person': 1}
2024-07-26 14:54:34,691 - INFO - {'person': 1}
2024-07-26 14:54:35,689 - INFO - {'person': 1}
2024-07-26 14:54:36,630 - INFO - {'person': 1}
2024-07-26 14:54:37,287 - INFO - {'person': 1}
2024-07-26 14:54:37,929 - INFO - {'person': 1}
2024-07-26 14:54:38,543 - INFO - {'person': 1}
2024-07-26 14:54:39,186 - INFO - {'person': 1}
2024-07-26 14:54:39,882 - INFO - {'person': 1}
2024-07-26 14:54:40,520 - INFO - {'person': 1}
2024-07-26 14:59:44,690 - INFO - {}
2024-07-26 14:59:50,974 - INFO - {}
2024-07-26 14:59:52,122 - INFO - {}
2024-07-26 14:59:53,044 - INFO - {}
2024-07-26 14:59:54,523 - INFO - {}
2024-07-26 14:59:55,509 - INFO - {}
2024-07-26 14:59:57,393 - INFO - {}
2024-07-26 15:00:00,112 - INFO - {}
2024-07-26 15:00:01,604 - INFO - {}
2024-07-26 15:00:02,563 - INFO - {}
2024-07-26 15:00:04,061 - INFO - {}
2024-07-26 15:00:05,587 - INFO - {}
2024-07-26 15:00:06,268 - INFO - {}
2024-07-26 15:00:08,287 - INFO - {}
2024-07-26 15:00:09,521 - INFO - {}
2024-07-26 15:00:10,509 - INFO - {}
2024-07-26 15:00:11,510 - INFO - {}
2024-07-26 15:00:12,407 - INFO - {}
2024-07-26 15:00:14,281 - INFO - {}
2024-07-26 15:00:16,428 - INFO - {}
2024-07-26 15:00:17,610 - INFO - {}
2024-07-26 15:00:18,526 - INFO - {}
2024-07-26 15:00:20,425 - INFO - {}
2024-07-26 15:00:22,265 - INFO - {}
2024-07-26 15:00:24,115 - INFO - {}
2024-07-26 15:00:25,584 - INFO - {'person': 1}
2024-07-26 15:00:29,020 - INFO - {'person': 1}
2024-07-26 15:00:30,497 - INFO - {'person': 1}
2024-07-26 15:00:32,397 - INFO - {'person': 1}
2024-07-26 15:00:33,611 - INFO - {'person': 1}
2024-07-26 15:00:35,473 - INFO - {}
2024-07-26 15:00:36,655 - INFO - {'cat': 1}
2024-07-26 15:00:37,599 - INFO - {'person': 1}
2024-07-26 15:00:39,774 - INFO - {'person': 1}
2024-07-26 15:00:40,661 - INFO - {'person': 1}
2024-07-26 15:00:41,622 - INFO - {'person': 1}
2024-07-26 15:00:43,396 - INFO - {'person': 1}
2024-07-26 15:00:45,623 - INFO - {'person': 1}
2024-07-26 15:00:47,762 - INFO - {'person': 1}
2024-07-26 15:00:48,647 - INFO - {'person': 1}
2024-07-26 15:00:50,762 - INFO - {'person': 1}
2024-07-26 15:00:51,872 - INFO - {'person': 1}
2024-07-26 15:00:52,637 - INFO - {'person': 1}
2024-07-26 15:00:54,142 - INFO - {'frisbee': 1, 'person': 1}
2024-07-26 15:00:56,278 - INFO - {'person': 1}
2024-07-26 15:00:58,427 - INFO - {'person': 1}
2024-07-26 15:01:00,809 - INFO - {'person': 1}
2024-07-26 15:01:01,572 - INFO - {'person': 1}
2024-07-26 15:01:03,763 - INFO - {'person': 1}
2024-07-26 15:01:04,646 - INFO - {'person': 1}
2024-07-26 15:01:05,554 - INFO - {'person': 2}
2024-07-26 15:01:06,271 - INFO - {'person': 1}
2024-07-26 15:01:07,672 - INFO - {'person': 1}
2024-07-26 15:01:08,642 - INFO - {'person': 1}
2024-07-26 15:01:10,242 - INFO - {'person': 1}
2024-07-26 15:01:11,659 - INFO - {'person': 1}
2024-07-26 15:01:12,648 - INFO - {'person': 1}
2024-07-26 15:01:15,093 - INFO - {'person': 1}
2024-07-26 15:01:17,453 - INFO - {'person': 1}
2024-07-26 15:01:18,211 - INFO - {'person': 1}
2024-07-26 15:01:19,069 - INFO - {'person': 1}
2024-07-26 15:01:20,185 - INFO - {'person': 1}
2024-07-26 15:01:20,918 - INFO - {'person': 1}
2024-07-26 15:01:23,120 - INFO - {'person': 1}
2024-07-26 15:01:25,175 - INFO - {'chair': 1, 'person': 1}
2024-07-26 15:01:27,418 - INFO - {'person': 1}
2024-07-26 15:01:29,596 - INFO - {'person': 1}
2024-07-26 15:01:31,627 - INFO - {'person': 1}
2024-07-26 15:01:32,603 - INFO - {'person': 1}
2024-07-26 15:01:34,701 - INFO - {'person': 1}
2024-07-26 15:01:35,674 - INFO - {'person': 1}
2024-07-26 15:01:37,823 - INFO - {'person': 1}
2024-07-26 15:01:39,628 - INFO - {'person': 1}
2024-07-26 15:01:41,976 - INFO - {'person': 1}
2024-07-26 15:01:42,755 - INFO - {'person': 1}
2024-07-26 15:01:43,675 - INFO - {'person': 1}
2024-07-26 15:01:45,865 - INFO - {'person': 1}
2024-07-26 15:01:47,060 - INFO - {'person': 1}
2024-07-26 15:01:49,233 - INFO - {'person': 1}
2024-07-26 15:02:00,068 - INFO - {'person': 1}
2024-07-26 15:02:02,153 - INFO - {'person': 1}
2024-07-26 15:02:04,318 - INFO - {'person': 1}
2024-07-26 15:02:06,366 - INFO - {'person': 1}
2024-07-26 15:02:08,519 - INFO - {'person': 1, 'banana': 1}
2024-07-26 15:02:10,699 - INFO - {'person': 1}
2024-07-26 15:02:12,505 - INFO - {'person': 1}
2024-07-26 15:02:13,791 - INFO - {'person': 1}
2024-07-26 15:02:14,712 - INFO - {'person': 1}
2024-07-26 15:02:16,901 - INFO - {'person': 1}
2024-07-26 15:02:17,787 - INFO - {'person': 1}
2024-07-26 15:02:19,363 - INFO - {'person': 1, 'banana': 1}
2024-07-26 15:02:21,507 - INFO - {'person': 1}
2024-07-26 15:02:23,666 - INFO - {'person': 1}
2024-07-26 15:02:25,444 - INFO - {'person': 1}
2024-07-26 15:02:27,649 - INFO - {'person': 1}
2024-07-26 15:02:29,715 - INFO - {'person': 1}
2024-07-26 15:02:31,950 - INFO - {'person': 1}
2024-07-26 15:02:33,716 - INFO - {'person': 1}
2024-07-26 15:02:35,552 - INFO - {}
2024-07-26 15:02:37,708 - INFO - {}
2024-07-26 15:02:40,009 - INFO - {}
2024-07-26 15:02:41,484 - INFO - {}
2024-07-26 15:02:46,709 - INFO - {'person': 1}
2024-07-26 15:02:48,862 - INFO - {'person': 1}
2024-07-26 15:02:49,781 - INFO - {'person': 1}
2024-07-26 15:02:51,924 - INFO - {'person': 1}
2024-07-26 15:02:52,846 - INFO - {'person': 1}
2024-07-26 15:02:53,750 - INFO - {'person': 1}
2024-07-26 15:02:55,533 - INFO - {'person': 1}
2024-07-26 15:02:56,790 - INFO - {'person': 1, 'chair': 1}
2024-07-26 15:02:58,940 - INFO - {'person': 1, 'chair': 1}
2024-07-26 15:03:00,747 - INFO - {'person': 1, 'chair': 1}
2024-07-26 15:03:02,984 - INFO - {'person': 1}
2024-07-26 15:03:04,938 - INFO - {'person': 1}
2024-07-26 15:04:01,125 - ERROR - Traceback (most recent call last):

2024-07-26 15:04:01,126 - ERROR -   File "/home/fluxion9/Object-Detection-and-Light-Control-with-OpenCV/main.py", line 100, in <module>

2024-07-26 15:04:01,126 - ERROR -     
2024-07-26 15:04:01,126 - ERROR - response = requests.get(src)
2024-07-26 15:04:01,126 - ERROR -   File "/home/fluxion9/.local/lib/python3.10/site-packages/requests/api.py", line 73, in get

2024-07-26 15:04:01,130 - ERROR -     
2024-07-26 15:04:01,130 - ERROR - return request("get", url, params=params, **kwargs)
2024-07-26 15:04:01,131 - ERROR -   File "/home/fluxion9/.local/lib/python3.10/site-packages/requests/api.py", line 59, in request

2024-07-26 15:04:01,131 - ERROR -     
2024-07-26 15:04:01,131 - ERROR - return session.request(method=method, url=url, **kwargs)
2024-07-26 15:04:01,131 - ERROR -   File "/home/fluxion9/.local/lib/python3.10/site-packages/requests/sessions.py", line 589, in request

2024-07-26 15:04:01,134 - ERROR -     
2024-07-26 15:04:01,134 - ERROR - resp = self.send(prep, **send_kwargs)
2024-07-26 15:04:01,134 - ERROR -   File "/home/fluxion9/.local/lib/python3.10/site-packages/requests/sessions.py", line 703, in send

2024-07-26 15:04:01,135 - ERROR -     
2024-07-26 15:04:01,135 - ERROR - r = adapter.send(request, **kwargs)
2024-07-26 15:04:01,135 - ERROR -   File "/home/fluxion9/.local/lib/python3.10/site-packages/requests/adapters.py", line 486, in send

2024-07-26 15:04:01,136 - ERROR -     
2024-07-26 15:04:01,136 - ERROR - resp = conn.urlopen(
2024-07-26 15:04:01,136 - ERROR -   File "/usr/lib/python3/dist-packages/urllib3/connectionpool.py", line 700, in urlopen

2024-07-26 15:04:01,142 - ERROR -     
2024-07-26 15:04:01,142 - ERROR - httplib_response = self._make_request(
2024-07-26 15:04:01,142 - ERROR -   File "/usr/lib/python3/dist-packages/urllib3/connectionpool.py", line 395, in _make_request

2024-07-26 15:04:01,143 - ERROR -     
2024-07-26 15:04:01,143 - ERROR - conn.request(method, url, **httplib_request_kw)
2024-07-26 15:04:01,143 - ERROR -   File "/usr/lib/python3/dist-packages/urllib3/connection.py", line 234, in request

2024-07-26 15:04:01,146 - ERROR -     
2024-07-26 15:04:01,146 - ERROR - super(HTTPConnection, self).request(method, url, body=body, headers=headers)
2024-07-26 15:04:01,146 - ERROR -   File "/usr/lib/python3.10/http/client.py", line 1283, in request

2024-07-26 15:04:01,150 - ERROR -     
2024-07-26 15:04:01,150 - ERROR - self._send_request(method, url, body, headers, encode_chunked)
2024-07-26 15:04:01,150 - ERROR -   File "/usr/lib/python3.10/http/client.py", line 1329, in _send_request

2024-07-26 15:04:01,150 - ERROR -     
2024-07-26 15:04:01,151 - ERROR - self.endheaders(body, encode_chunked=encode_chunked)
2024-07-26 15:04:01,151 - ERROR -   File "/usr/lib/python3.10/http/client.py", line 1278, in endheaders

2024-07-26 15:04:01,151 - ERROR -     
2024-07-26 15:04:01,151 - ERROR - self._send_output(message_body, encode_chunked=encode_chunked)
2024-07-26 15:04:01,151 - ERROR -   File "/usr/lib/python3.10/http/client.py", line 1038, in _send_output

2024-07-26 15:04:01,151 - ERROR -     
2024-07-26 15:04:01,151 - ERROR - self.send(msg)
2024-07-26 15:04:01,151 - ERROR -   File "/usr/lib/python3.10/http/client.py", line 976, in send

2024-07-26 15:04:01,152 - ERROR -     
2024-07-26 15:04:01,152 - ERROR - self.connect()
2024-07-26 15:04:01,152 - ERROR -   File "/usr/lib/python3/dist-packages/urllib3/connection.py", line 200, in connect

2024-07-26 15:04:01,152 - ERROR -     
2024-07-26 15:04:01,152 - ERROR - conn = self._new_conn()
2024-07-26 15:04:01,152 - ERROR -   File "/usr/lib/python3/dist-packages/urllib3/connection.py", line 169, in _new_conn

2024-07-26 15:04:01,152 - ERROR -     
2024-07-26 15:04:01,152 - ERROR - conn = connection.create_connection(
2024-07-26 15:04:01,152 - ERROR -   File "/usr/lib/python3/dist-packages/urllib3/util/connection.py", line 86, in create_connection

2024-07-26 15:04:01,153 - ERROR -     
2024-07-26 15:04:01,153 - ERROR - sock.connect(sa)
2024-07-26 15:04:01,153 - ERROR - KeyboardInterrupt
2024-07-26 15:04:01,153 - ERROR - 
2024-07-26 15:04:27,400 - INFO - No Camera or Valid Frame Found
2024-07-26 15:04:30,471 - INFO - No Camera or Valid Frame Found
2024-07-26 15:04:33,544 - INFO - No Camera or Valid Frame Found
2024-07-26 15:04:36,615 - INFO - No Camera or Valid Frame Found
2024-07-26 15:04:38,246 - ERROR - Traceback (most recent call last):

2024-07-26 15:04:38,246 - ERROR -   File "/home/fluxion9/Object-Detection-and-Light-Control-with-OpenCV/main.py", line 100, in <module>

2024-07-26 15:04:38,246 - ERROR -     
2024-07-26 15:04:38,246 - ERROR - response = requests.get(src)
2024-07-26 15:04:38,246 - ERROR -   File "/home/fluxion9/.local/lib/python3.10/site-packages/requests/api.py", line 73, in get

2024-07-26 15:04:38,246 - ERROR -     
2024-07-26 15:04:38,246 - ERROR - return request("get", url, params=params, **kwargs)
2024-07-26 15:04:38,246 - ERROR -   File "/home/fluxion9/.local/lib/python3.10/site-packages/requests/api.py", line 59, in request

2024-07-26 15:04:38,246 - ERROR -     
2024-07-26 15:04:38,246 - ERROR - return session.request(method=method, url=url, **kwargs)
2024-07-26 15:04:38,246 - ERROR -   File "/home/fluxion9/.local/lib/python3.10/site-packages/requests/sessions.py", line 589, in request

2024-07-26 15:04:38,246 - ERROR -     
2024-07-26 15:04:38,246 - ERROR - resp = self.send(prep, **send_kwargs)
2024-07-26 15:04:38,246 - ERROR -   File "/home/fluxion9/.local/lib/python3.10/site-packages/requests/sessions.py", line 703, in send

2024-07-26 15:04:38,247 - ERROR -     
2024-07-26 15:04:38,247 - ERROR - r = adapter.send(request, **kwargs)
2024-07-26 15:04:38,247 - ERROR -   File "/home/fluxion9/.local/lib/python3.10/site-packages/requests/adapters.py", line 486, in send

2024-07-26 15:04:38,247 - ERROR -     
2024-07-26 15:04:38,247 - ERROR - resp = conn.urlopen(
2024-07-26 15:04:38,247 - ERROR -   File "/usr/lib/python3/dist-packages/urllib3/connectionpool.py", line 700, in urlopen

2024-07-26 15:04:38,247 - ERROR -     
2024-07-26 15:04:38,247 - ERROR - httplib_response = self._make_request(
2024-07-26 15:04:38,247 - ERROR -   File "/usr/lib/python3/dist-packages/urllib3/connectionpool.py", line 395, in _make_request

2024-07-26 15:04:38,247 - ERROR -     
2024-07-26 15:04:38,247 - ERROR - conn.request(method, url, **httplib_request_kw)
2024-07-26 15:04:38,247 - ERROR -   File "/usr/lib/python3/dist-packages/urllib3/connection.py", line 234, in request

2024-07-26 15:04:38,247 - ERROR -     
2024-07-26 15:04:38,247 - ERROR - super(HTTPConnection, self).request(method, url, body=body, headers=headers)
2024-07-26 15:04:38,248 - ERROR -   File "/usr/lib/python3.10/http/client.py", line 1283, in request

2024-07-26 15:04:38,248 - ERROR -     
2024-07-26 15:04:38,248 - ERROR - self._send_request(method, url, body, headers, encode_chunked)
2024-07-26 15:04:38,248 - ERROR -   File "/usr/lib/python3.10/http/client.py", line 1329, in _send_request

2024-07-26 15:04:38,248 - ERROR -     
2024-07-26 15:04:38,248 - ERROR - self.endheaders(body, encode_chunked=encode_chunked)
2024-07-26 15:04:38,248 - ERROR -   File "/usr/lib/python3.10/http/client.py", line 1278, in endheaders

2024-07-26 15:04:38,248 - ERROR -     
2024-07-26 15:04:38,248 - ERROR - self._send_output(message_body, encode_chunked=encode_chunked)
2024-07-26 15:04:38,248 - ERROR -   File "/usr/lib/python3.10/http/client.py", line 1038, in _send_output

2024-07-26 15:04:38,249 - ERROR -     
2024-07-26 15:04:38,249 - ERROR - self.send(msg)
2024-07-26 15:04:38,249 - ERROR -   File "/usr/lib/python3.10/http/client.py", line 976, in send

2024-07-26 15:04:38,249 - ERROR -     
2024-07-26 15:04:38,249 - ERROR - self.connect()
2024-07-26 15:04:38,249 - ERROR -   File "/usr/lib/python3/dist-packages/urllib3/connection.py", line 200, in connect

2024-07-26 15:04:38,249 - ERROR -     
2024-07-26 15:04:38,249 - ERROR - conn = self._new_conn()
2024-07-26 15:04:38,249 - ERROR -   File "/usr/lib/python3/dist-packages/urllib3/connection.py", line 169, in _new_conn

2024-07-26 15:04:38,249 - ERROR -     
2024-07-26 15:04:38,249 - ERROR - conn = connection.create_connection(
2024-07-26 15:04:38,249 - ERROR -   File "/usr/lib/python3/dist-packages/urllib3/util/connection.py", line 86, in create_connection

2024-07-26 15:04:38,249 - ERROR -     
2024-07-26 15:04:38,249 - ERROR - sock.connect(sa)
2024-07-26 15:04:38,249 - ERROR - KeyboardInterrupt
2024-07-26 15:04:38,249 - ERROR - 
